{"app":"core","message":"setting locale to en_US.UTF-8\/en_US.UTF8 failed. Support is probably not installed on your system","level":3,"time":1374171736}
{"app":"core","message":"setting locale to en_US.UTF-8\/en_US.UTF8 failed. Support is probably not installed on your system","level":3,"time":1374171737}
{"app":"core","message":"setting locale to en_US.UTF-8\/en_US.UTF8 failed. Support is probably not installed on your system","level":3,"time":1374171919}
{"app":"core","message":"setting locale to en_US.UTF-8\/en_US.UTF8 failed. Support is probably not installed on your system","level":3,"time":1374171920}
{"app":"core","message":"setting locale to en_US.UTF-8\/en_US.UTF8 failed. Support is probably not installed on your system","level":3,"time":1374172002}
{"app":"core","message":"setting locale to en_US.UTF-8\/en_US.UTF8 failed. Support is probably not installed on your system","level":3,"time":1374172002}
{"app":"core","message":"setting locale to en_US.UTF-8\/en_US.UTF8 failed. Support is probably not installed on your system","level":3,"time":1374172177}
{"app":"core","message":"setting locale to en_US.UTF-8\/en_US.UTF8 failed. Support is probably not installed on your system","level":3,"time":1374172177}
{"app":"core","message":"setting locale to en_US.UTF-8\/en_US.UTF8 failed. Support is probably not installed on your system","level":3,"time":1374172177}
{"app":"core","message":"setting locale to en_US.UTF-8\/en_US.UTF8 failed. Support is probably not installed on your system","level":3,"time":1374172178}
{"app":"core","message":"setting locale to en_US.UTF-8\/en_US.UTF8 failed. Support is probably not installed on your system","level":3,"time":1374172192}
{"app":"core","message":"setting locale to en_US.UTF-8\/en_US.UTF8 failed. Support is probably not installed on your system","level":3,"time":1374172192}
{"app":"core","message":"setting locale to en_US.UTF-8\/en_US.UTF8 failed. Support is probably not installed on your system","level":3,"time":1374172209}
{"app":"core","message":"setting locale to en_US.UTF-8\/en_US.UTF8 failed. Support is probably not installed on your system","level":3,"time":1374172210}
{"app":"core","message":"setting locale to en_US.UTF-8\/en_US.UTF8 failed. Support is probably not installed on your system","level":3,"time":1374172210}
{"app":"core","message":"setting locale to en_US.UTF-8\/en_US.UTF8 failed. Support is probably not installed on your system","level":3,"time":1374172210}
{"app":"core","message":"setting locale to en_US.UTF-8\/en_US.UTF8 failed. Support is probably not installed on your system","level":3,"time":1374172210}
{"app":"core","message":"setting locale to en_US.UTF-8\/en_US.UTF8 failed. Support is probably not installed on your system","level":3,"time":1374172210}
{"app":"core","message":"setting locale to en_US.UTF-8\/en_US.UTF8 failed. Support is probably not installed on your system","level":3,"time":1374172210}
{"app":"core","message":"setting locale to en_US.UTF-8\/en_US.UTF8 failed. Support is probably not installed on your system","level":3,"time":1374172212}
{"app":"core","message":"setting locale to en_US.UTF-8\/en_US.UTF8 failed. Support is probably not installed on your system","level":3,"time":1374172212}
{"app":"core","message":"setting locale to en_US.UTF-8\/en_US.UTF8 failed. Support is probably not installed on your system","level":3,"time":1374172212}
{"app":"core","message":"setting locale to en_US.UTF-8\/en_US.UTF8 failed. Support is probably not installed on your system","level":3,"time":1374172212}
{"app":"core","message":"setting locale to en_US.UTF-8\/en_US.UTF8 failed. Support is probably not installed on your system","level":3,"time":1374172212}
{"app":"core","message":"setting locale to en_US.UTF-8\/en_US.UTF8 failed. Support is probably not installed on your system","level":3,"time":1374172212}
{"app":"core","message":"setting locale to en_US.UTF-8\/en_US.UTF8 failed. Support is probably not installed on your system","level":3,"time":1374172213}
{"app":"core","message":"setting locale to en_US.UTF-8\/en_US.UTF8 failed. Support is probably not installed on your system","level":3,"time":1374172214}
{"app":"core","message":"setting locale to en_US.UTF-8\/en_US.UTF8 failed. Support is probably not installed on your system","level":3,"time":1374172214}
{"app":"core","message":"setting locale to en_US.UTF-8\/en_US.UTF8 failed. Support is probably not installed on your system","level":3,"time":1374172214}
{"app":"core","message":"setting locale to en_US.UTF-8\/en_US.UTF8 failed. Support is probably not installed on your system","level":3,"time":1374172214}
{"app":"core","message":"setting locale to en_US.UTF-8\/en_US.UTF8 failed. Support is probably not installed on your system","level":3,"time":1374172214}
{"app":"core","message":"setting locale to en_US.UTF-8\/en_US.UTF8 failed. Support is probably not installed on your system","level":3,"time":1374172214}
{"app":"core","message":"setting locale to en_US.UTF-8\/en_US.UTF8 failed. Support is probably not installed on your system","level":3,"time":1374172214}
{"app":"core","message":"setting locale to en_US.UTF-8\/en_US.UTF8 failed. Support is probably not installed on your system","level":3,"time":1374172214}
{"app":"core","message":"setting locale to en_US.UTF-8\/en_US.UTF8 failed. Support is probably not installed on your system","level":3,"time":1374172214}
{"app":"core","message":"setting locale to en_US.UTF-8\/en_US.UTF8 failed. Support is probably not installed on your system","level":3,"time":1374172214}
{"app":"core","message":"setting locale to en_US.UTF-8\/en_US.UTF8 failed. Support is probably not installed on your system","level":3,"time":1374172214}
{"app":"core","message":"setting locale to en_US.UTF-8\/en_US.UTF8 failed. Support is probably not installed on your system","level":3,"time":1374172214}
{"app":"core","message":"setting locale to en_US.UTF-8\/en_US.UTF8 failed. Support is probably not installed on your system","level":3,"time":1374172233}
{"app":"core","message":"setting locale to en_US.UTF-8\/en_US.UTF8 failed. Support is probably not installed on your system","level":3,"time":1374172236}
{"app":"core","message":"setting locale to en_US.UTF-8\/en_US.UTF8 failed. Support is probably not installed on your system","level":3,"time":1374172236}
{"app":"core","message":"setting locale to en_US.UTF-8\/en_US.UTF8 failed. Support is probably not installed on your system","level":3,"time":1374172236}
{"app":"core","message":"setting locale to en_US.UTF-8\/en_US.UTF8 failed. Support is probably not installed on your system","level":3,"time":1374172236}
{"app":"core","message":"setting locale to en_US.UTF-8\/en_US.UTF8 failed. Support is probably not installed on your system","level":3,"time":1374172236}
{"app":"core","message":"setting locale to en_US.UTF-8\/en_US.UTF8 failed. Support is probably not installed on your system","level":3,"time":1374172238}
{"app":"core","message":"setting locale to en_US.UTF-8\/en_US.UTF8 failed. Support is probably not installed on your system","level":3,"time":1374172238}
{"app":"core","message":"setting locale to en_US.UTF-8\/en_US.UTF8 failed. Support is probably not installed on your system","level":3,"time":1374172238}
{"app":"core","message":"setting locale to en_US.UTF-8\/en_US.UTF8 failed. Support is probably not installed on your system","level":3,"time":1374172238}
{"app":"core","message":"setting locale to en_US.UTF-8\/en_US.UTF8 failed. Support is probably not installed on your system","level":3,"time":1374172239}
{"app":"core","message":"setting locale to en_US.UTF-8\/en_US.UTF8 failed. Support is probably not installed on your system","level":3,"time":1374172239}
{"app":"core","message":"setting locale to en_US.UTF-8\/en_US.UTF8 failed. Support is probably not installed on your system","level":3,"time":1374172240}
{"app":"core","message":"setting locale to en_US.UTF-8\/en_US.UTF8 failed. Support is probably not installed on your system","level":3,"time":1374172240}
{"app":"core","message":"setting locale to en_US.UTF-8\/en_US.UTF8 failed. Support is probably not installed on your system","level":3,"time":1374172240}
{"app":"core","message":"setting locale to en_US.UTF-8\/en_US.UTF8 failed. Support is probably not installed on your system","level":3,"time":1374172240}
{"app":"core","message":"setting locale to en_US.UTF-8\/en_US.UTF8 failed. Support is probably not installed on your system","level":3,"time":1374172240}
{"app":"core","message":"setting locale to en_US.UTF-8\/en_US.UTF8 failed. Support is probably not installed on your system","level":3,"time":1374172240}
{"app":"core","message":"setting locale to en_US.UTF-8\/en_US.UTF8 failed. Support is probably not installed on your system","level":3,"time":1374172240}
{"app":"core","message":"setting locale to en_US.UTF-8\/en_US.UTF8 failed. Support is probably not installed on your system","level":3,"time":1374172240}
{"app":"core","message":"setting locale to en_US.UTF-8\/en_US.UTF8 failed. Support is probably not installed on your system","level":3,"time":1374172240}
{"app":"core","message":"setting locale to en_US.UTF-8\/en_US.UTF8 failed. Support is probably not installed on your system","level":3,"time":1374172362}
{"app":"core","message":"setting locale to en_US.UTF-8\/en_US.UTF8 failed. Support is probably not installed on your system","level":3,"time":1374172365}
{"app":"core","message":"setting locale to en_US.UTF-8\/en_US.UTF8 failed. Support is probably not installed on your system","level":3,"time":1374172365}
{"app":"core","message":"setting locale to en_US.UTF-8\/en_US.UTF8 failed. Support is probably not installed on your system","level":3,"time":1374172366}
{"app":"core","message":"setting locale to en_US.UTF-8\/en_US.UTF8 failed. Support is probably not installed on your system","level":3,"time":1374172366}
{"app":"core","message":"setting locale to en_US.UTF-8\/en_US.UTF8 failed. Support is probably not installed on your system","level":3,"time":1374172366}
{"app":"core","message":"setting locale to en_US.UTF-8\/en_US.UTF8 failed. Support is probably not installed on your system","level":3,"time":1374172367}
{"app":"core","message":"setting locale to en_US.UTF-8\/en_US.UTF8 failed. Support is probably not installed on your system","level":3,"time":1374172367}
{"app":"core","message":"setting locale to en_US.UTF-8\/en_US.UTF8 failed. Support is probably not installed on your system","level":3,"time":1374172443}
{"app":"core","message":"setting locale to en_US.UTF-8\/en_US.UTF8 failed. Support is probably not installed on your system","level":3,"time":1374172446}
{"app":"core","message":"setting locale to en_US.UTF-8\/en_US.UTF8 failed. Support is probably not installed on your system","level":3,"time":1374172446}
{"app":"core","message":"setting locale to en_US.UTF-8\/en_US.UTF8 failed. Support is probably not installed on your system","level":3,"time":1374172446}
{"app":"core","message":"setting locale to en_US.UTF-8\/en_US.UTF8 failed. Support is probably not installed on your system","level":3,"time":1374172450}
{"app":"core","message":"setting locale to en_US.UTF-8\/en_US.UTF8 failed. Support is probably not installed on your system","level":3,"time":1374172451}
{"app":"core","message":"setting locale to en_US.UTF-8\/en_US.UTF8 failed. Support is probably not installed on your system","level":3,"time":1374172451}
{"app":"core","message":"setting locale to en_US.UTF-8\/en_US.UTF8 failed. Support is probably not installed on your system","level":3,"time":1374172513}
{"app":"core","message":"setting locale to en_US.UTF-8\/en_US.UTF8 failed. Support is probably not installed on your system","level":3,"time":1374172523}
{"app":"core","message":"setting locale to en_US.UTF-8\/en_US.UTF8 failed. Support is probably not installed on your system","level":3,"time":1374172524}
{"app":"core","message":"setting locale to en_US.UTF-8\/en_US.UTF8 failed. Support is probably not installed on your system","level":3,"time":1374172534}
{"app":"core","message":"setting locale to en_US.UTF-8\/en_US.UTF8 failed. Support is probably not installed on your system","level":3,"time":1374172536}
{"app":"core","message":"setting locale to en_US.UTF-8\/en_US.UTF8 failed. Support is probably not installed on your system","level":3,"time":1374172536}
{"app":"core","message":"setting locale to en_US.UTF-8\/en_US.UTF8 failed. Support is probably not installed on your system","level":3,"time":1374172537}
{"app":"core","message":"setting locale to en_US.UTF-8\/en_US.UTF8 failed. Support is probably not installed on your system","level":3,"time":1374172537}
{"app":"core","message":"setting locale to en_US.UTF-8\/en_US.UTF8 failed. Support is probably not installed on your system","level":3,"time":1374172537}
{"app":"core","message":"setting locale to en_US.UTF-8\/en_US.UTF8 failed. Support is probably not installed on your system","level":3,"time":1374172537}
{"app":"core","message":"setting locale to en_US.UTF-8\/en_US.UTF8 failed. Support is probably not installed on your system","level":3,"time":1374172538}
{"app":"core","message":"setting locale to en_US.UTF-8\/en_US.UTF8 failed. Support is probably not installed on your system","level":3,"time":1374172538}
{"app":"user_ldap","message":"No LDAP host given, won`t connect.","level":2,"time":1374172538}
{"app":"user_ldap","message":"No Base DN given, won`t connect.","level":2,"time":1374172538}
{"app":"PHP","message":"implode(): Invalid arguments passed at \/var\/www\/owncloud\/apps\/user_ldap\/lib\/connection.php#419","level":2,"time":1374172538}
{"app":"PHP","message":"implode(): Invalid arguments passed at \/var\/www\/owncloud\/apps\/user_ldap\/lib\/connection.php#419","level":2,"time":1374172538}
{"app":"PHP","message":"implode(): Invalid arguments passed at \/var\/www\/owncloud\/apps\/user_ldap\/lib\/connection.php#419","level":2,"time":1374172538}
{"app":"core","message":"setting locale to en_US.UTF-8\/en_US.UTF8 failed. Support is probably not installed on your system","level":3,"time":1374172538}
{"app":"user_ldap","message":"No LDAP host given, won`t connect.","level":2,"time":1374172538}
{"app":"user_ldap","message":"No Base DN given, won`t connect.","level":2,"time":1374172538}
{"app":"user_ldap","message":"No LDAP host given, won`t connect.","level":2,"time":1374172538}
{"app":"user_ldap","message":"No Base DN given, won`t connect.","level":2,"time":1374172538}
{"app":"user_ldap","message":"No LDAP host given, won`t connect.","level":2,"time":1374172538}
{"app":"user_ldap","message":"No Base DN given, won`t connect.","level":2,"time":1374172538}
{"app":"user_ldap","message":"No LDAP host given, won`t connect.","level":2,"time":1374172538}
{"app":"user_ldap","message":"No Base DN given, won`t connect.","level":2,"time":1374172538}
{"app":"user_ldap","message":"No LDAP host given, won`t connect.","level":2,"time":1374172538}
{"app":"user_ldap","message":"No Base DN given, won`t connect.","level":2,"time":1374172538}
{"app":"user_ldap","message":"No LDAP host given, won`t connect.","level":2,"time":1374172538}
{"app":"user_ldap","message":"No Base DN given, won`t connect.","level":2,"time":1374172538}
{"app":"user_ldap","message":"No LDAP host given, won`t connect.","level":2,"time":1374172538}
{"app":"user_ldap","message":"No Base DN given, won`t connect.","level":2,"time":1374172538}
{"app":"user_ldap","message":"No LDAP host given, won`t connect.","level":2,"time":1374172538}
{"app":"user_ldap","message":"No Base DN given, won`t connect.","level":2,"time":1374172538}
{"app":"user_ldap","message":"No LDAP host given, won`t connect.","level":2,"time":1374172538}
{"app":"user_ldap","message":"No Base DN given, won`t connect.","level":2,"time":1374172538}
{"app":"user_ldap","message":"No LDAP host given, won`t connect.","level":2,"time":1374172538}
{"app":"user_ldap","message":"No Base DN given, won`t connect.","level":2,"time":1374172538}
{"app":"user_ldap","message":"Configuration is invalid, cannot connect","level":2,"time":1374172538}
{"app":"user_ldap","message":"Connection could not be established","level":3,"time":1374172538}
{"app":"user_ldap","message":"No LDAP host given, won`t connect.","level":2,"time":1374172538}
{"app":"user_ldap","message":"No Base DN given, won`t connect.","level":2,"time":1374172538}
{"app":"user_ldap","message":"No LDAP host given, won`t connect.","level":2,"time":1374172538}
{"app":"user_ldap","message":"No Base DN given, won`t connect.","level":2,"time":1374172538}
{"app":"core","message":"setting locale to en_US.UTF-8\/en_US.UTF8 failed. Support is probably not installed on your system","level":3,"time":1374172559}
{"app":"core","message":"setting locale to en_US.UTF-8\/en_US.UTF8 failed. Support is probably not installed on your system","level":3,"time":1374172561}
{"app":"core","message":"setting locale to en_US.UTF-8\/en_US.UTF8 failed. Support is probably not installed on your system","level":3,"time":1374172561}
{"app":"core","message":"setting locale to en_US.UTF-8\/en_US.UTF8 failed. Support is probably not installed on your system","level":3,"time":1374172563}
{"app":"core","message":"setting locale to en_US.UTF-8\/en_US.UTF8 failed. Support is probably not installed on your system","level":3,"time":1374172563}
{"app":"core","message":"setting locale to en_US.UTF-8\/en_US.UTF8 failed. Support is probably not installed on your system","level":3,"time":1374172564}
{"app":"core","message":"setting locale to en_US.UTF-8\/en_US.UTF8 failed. Support is probably not installed on your system","level":3,"time":1374172564}
{"app":"core","message":"setting locale to en_US.UTF-8\/en_US.UTF8 failed. Support is probably not installed on your system","level":3,"time":1374172565}
{"app":"core","message":"setting locale to en_US.UTF-8\/en_US.UTF8 failed. Support is probably not installed on your system","level":3,"time":1374172567}
{"app":"core","message":"setting locale to en_US.UTF-8\/en_US.UTF8 failed. Support is probably not installed on your system","level":3,"time":1374172567}
{"app":"core","message":"setting locale to en_US.UTF-8\/en_US.UTF8 failed. Support is probably not installed on your system","level":3,"time":1374172717}
{"app":"core","message":"setting locale to en_US.UTF-8\/en_US.UTF8 failed. Support is probably not installed on your system","level":3,"time":1374172717}
{"app":"core","message":"setting locale to en_US.UTF-8\/en_US.UTF8 failed. Support is probably not installed on your system","level":3,"time":1374172717}
{"app":"core","message":"setting locale to en_US.UTF-8\/en_US.UTF8 failed. Support is probably not installed on your system","level":3,"time":1374172717}
{"app":"core","message":"setting locale to en_US.UTF-8\/en_US.UTF8 failed. Support is probably not installed on your system","level":3,"time":1374172717}
{"app":"core","message":"setting locale to en_US.UTF-8\/en_US.UTF8 failed. Support is probably not installed on your system","level":3,"time":1374172717}
{"app":"core","message":"setting locale to en_US.UTF-8\/en_US.UTF8 failed. Support is probably not installed on your system","level":3,"time":1374172717}
{"app":"core","message":"setting locale to en_US.UTF-8\/en_US.UTF8 failed. Support is probably not installed on your system","level":3,"time":1374172718}
{"app":"core","message":"setting locale to en_US.UTF-8\/en_US.UTF8 failed. Support is probably not installed on your system","level":3,"time":1374172718}
{"app":"core","message":"setting locale to en_US.UTF-8\/en_US.UTF8 failed. Support is probably not installed on your system","level":3,"time":1374172721}
{"app":"core","message":"setting locale to en_US.UTF-8\/en_US.UTF8 failed. Support is probably not installed on your system","level":3,"time":1374172737}
{"app":"core","message":"setting locale to en_US.UTF-8\/en_US.UTF8 failed. Support is probably not installed on your system","level":3,"time":1374172744}
{"app":"core","message":"setting locale to en_US.UTF-8\/en_US.UTF8 failed. Support is probably not installed on your system","level":3,"time":1374172744}
{"app":"core","message":"setting locale to en_US.UTF-8\/en_US.UTF8 failed. Support is probably not installed on your system","level":3,"time":1374172745}
{"app":"core","message":"setting locale to en_US.UTF-8\/en_US.UTF8 failed. Support is probably not installed on your system","level":3,"time":1374172745}
{"app":"core","message":"setting locale to en_US.UTF-8\/en_US.UTF8 failed. Support is probably not installed on your system","level":3,"time":1374172745}
{"app":"core","message":"setting locale to en_US.UTF-8\/en_US.UTF8 failed. Support is probably not installed on your system","level":3,"time":1374172745}
{"app":"core","message":"setting locale to en_US.UTF-8\/en_US.UTF8 failed. Support is probably not installed on your system","level":3,"time":1374172745}
{"app":"core","message":"setting locale to en_US.UTF-8\/en_US.UTF8 failed. Support is probably not installed on your system","level":3,"time":1374172754}
{"app":"PHP","message":"opendir(\/var\/www\/owncloud\/data\/mae\/cache\/): failed to open dir: No such file or directory at \/var\/www\/owncloud\/lib\/files\/storage\/local.php#40","level":2,"time":1374172754}
{"app":"PHP","message":"readdir() expects parameter 1 to be resource, boolean given at \/var\/www\/owncloud\/lib\/cache\/file.php#89","level":2,"time":1374172754}
{"app":"core","message":"setting locale to en_US.UTF-8\/en_US.UTF8 failed. Support is probably not installed on your system","level":3,"time":1374172754}
{"app":"core","message":"setting locale to en_US.UTF-8\/en_US.UTF8 failed. Support is probably not installed on your system","level":3,"time":1374172754}
{"app":"core","message":"setting locale to en_US.UTF-8\/en_US.UTF8 failed. Support is probably not installed on your system","level":3,"time":1374172754}
{"app":"core","message":"setting locale to en_US.UTF-8\/en_US.UTF8 failed. Support is probably not installed on your system","level":3,"time":1374172754}
{"app":"core","message":"setting locale to en_US.UTF-8\/en_US.UTF8 failed. Support is probably not installed on your system","level":3,"time":1374172754}
{"app":"core","message":"setting locale to en_US.UTF-8\/en_US.UTF8 failed. Support is probably not installed on your system","level":3,"time":1374172755}
{"app":"core","message":"setting locale to en_US.UTF-8\/en_US.UTF8 failed. Support is probably not installed on your system","level":3,"time":1374172755}
{"app":"core","message":"setting locale to en_US.UTF-8\/en_US.UTF8 failed. Support is probably not installed on your system","level":3,"time":1374172755}
{"app":"core","message":"setting locale to en_US.UTF-8\/en_US.UTF8 failed. Support is probably not installed on your system","level":3,"time":1374172755}
{"app":"core","message":"setting locale to en_US.UTF-8\/en_US.UTF8 failed. Support is probably not installed on your system","level":3,"time":1374172755}
{"app":"core","message":"setting locale to en_US.UTF-8\/en_US.UTF8 failed. Support is probably not installed on your system","level":3,"time":1374172755}
{"app":"core","message":"setting locale to en_US.UTF-8\/en_US.UTF8 failed. Support is probably not installed on your system","level":3,"time":1374172755}
{"app":"core","message":"setting locale to en_US.UTF-8\/en_US.UTF8 failed. Support is probably not installed on your system","level":3,"time":1374172756}
{"app":"core","message":"setting locale to en_US.UTF-8\/en_US.UTF8 failed. Support is probably not installed on your system","level":3,"time":1374172756}
{"app":"core","message":"setting locale to en_US.UTF-8\/en_US.UTF8 failed. Support is probably not installed on your system","level":3,"time":1374172756}
{"app":"core","message":"setting locale to en_US.UTF-8\/en_US.UTF8 failed. Support is probably not installed on your system","level":3,"time":1374172756}
{"app":"core","message":"setting locale to en_US.UTF-8\/en_US.UTF8 failed. Support is probably not installed on your system","level":3,"time":1374172757}
{"app":"core","message":"setting locale to en_US.UTF-8\/en_US.UTF8 failed. Support is probably not installed on your system","level":3,"time":1374172757}
{"app":"core","message":"setting locale to en_US.UTF-8\/en_US.UTF8 failed. Support is probably not installed on your system","level":3,"time":1374172757}
{"app":"core","message":"setting locale to en_US.UTF-8\/en_US.UTF8 failed. Support is probably not installed on your system","level":3,"time":1374172757}
{"app":"core","message":"setting locale to en_US.UTF-8\/en_US.UTF8 failed. Support is probably not installed on your system","level":3,"time":1374172757}
{"app":"core","message":"setting locale to en_US.UTF-8\/en_US.UTF8 failed. Support is probably not installed on your system","level":3,"time":1374172757}
{"app":"core","message":"setting locale to en_US.UTF-8\/en_US.UTF8 failed. Support is probably not installed on your system","level":3,"time":1374172757}
{"app":"core","message":"setting locale to en_US.UTF-8\/en_US.UTF8 failed. Support is probably not installed on your system","level":3,"time":1374172757}
{"app":"core","message":"setting locale to en_US.UTF-8\/en_US.UTF8 failed. Support is probably not installed on your system","level":3,"time":1374172759}
{"app":"core","message":"setting locale to en_US.UTF-8\/en_US.UTF8 failed. Support is probably not installed on your system","level":3,"time":1374172870}
{"app":"core","message":"setting locale to en_US.UTF-8\/en_US.UTF8 failed. Support is probably not installed on your system","level":3,"time":1374172870}
{"app":"core","message":"setting locale to en_US.UTF-8\/en_US.UTF8 failed. Support is probably not installed on your system","level":3,"time":1374172871}
{"app":"core","message":"setting locale to en_US.UTF-8\/en_US.UTF8 failed. Support is probably not installed on your system","level":3,"time":1374172948}
{"app":"core","message":"setting locale to en_US.UTF-8\/en_US.UTF8 failed. Support is probably not installed on your system","level":3,"time":1374172949}
{"app":"core","message":"setting locale to en_US.UTF-8\/en_US.UTF8 failed. Support is probably not installed on your system","level":3,"time":1374172949}
{"app":"core","message":"setting locale to en_US.UTF-8\/en_US.UTF8 failed. Support is probably not installed on your system","level":3,"time":1374172949}
{"app":"core","message":"setting locale to en_US.UTF-8\/en_US.UTF8 failed. Support is probably not installed on your system","level":3,"time":1374172949}
{"app":"core","message":"setting locale to en_US.UTF-8\/en_US.UTF8 failed. Support is probably not installed on your system","level":3,"time":1374172950}
{"app":"core","message":"setting locale to en_US.UTF-8\/en_US.UTF8 failed. Support is probably not installed on your system","level":3,"time":1374172950}
{"app":"core","message":"setting locale to en_US.UTF-8\/en_US.UTF8 failed. Support is probably not installed on your system","level":3,"time":1374172950}
{"app":"core","message":"setting locale to en_US.UTF-8\/en_US.UTF8 failed. Support is probably not installed on your system","level":3,"time":1374172950}
{"app":"search_lucene","message":"failed to extract meta information for \/mae\/files\/nube: Could not open \"\/var\/www\/owncloud\/data\/mae\/files\/nube\" (does not exist, or is not a file)","level":2,"time":1374172950}
{"app":"core","message":"setting locale to en_US.UTF-8\/en_US.UTF8 failed. Support is probably not installed on your system","level":3,"time":1374172950}
{"app":"core","message":"setting locale to en_US.UTF-8\/en_US.UTF8 failed. Support is probably not installed on your system","level":3,"time":1374172955}
{"app":"core","message":"setting locale to en_US.UTF-8\/en_US.UTF8 failed. Support is probably not installed on your system","level":3,"time":1374172955}
{"app":"core","message":"setting locale to en_US.UTF-8\/en_US.UTF8 failed. Support is probably not installed on your system","level":3,"time":1374172955}
{"app":"core","message":"setting locale to en_US.UTF-8\/en_US.UTF8 failed. Support is probably not installed on your system","level":3,"time":1374172957}
{"app":"core","message":"setting locale to en_US.UTF-8\/en_US.UTF8 failed. Support is probably not installed on your system","level":3,"time":1374173850}
{"app":"core","message":"setting locale to en_US.UTF-8\/en_US.UTF8 failed. Support is probably not installed on your system","level":3,"time":1374174750}
{"app":"core","message":"setting locale to en_US.UTF-8\/en_US.UTF8 failed. Support is probably not installed on your system","level":3,"time":1374175768}
{"app":"core","message":"setting locale to en_US.UTF-8\/en_US.UTF8 failed. Support is probably not installed on your system","level":3,"time":1374175768}
{"app":"core","message":"setting locale to en_US.UTF-8\/en_US.UTF8 failed. Support is probably not installed on your system","level":3,"time":1374175768}
{"app":"core","message":"setting locale to en_US.UTF-8\/en_US.UTF8 failed. Support is probably not installed on your system","level":3,"time":1374175768}
{"app":"core","message":"setting locale to en_US.UTF-8\/en_US.UTF8 failed. Support is probably not installed on your system","level":3,"time":1374175768}
{"app":"core","message":"setting locale to en_US.UTF-8\/en_US.UTF8 failed. Support is probably not installed on your system","level":3,"time":1374175769}
{"app":"core","message":"setting locale to en_US.UTF-8\/en_US.UTF8 failed. Support is probably not installed on your system","level":3,"time":1374175769}
{"app":"core","message":"setting locale to en_US.UTF-8\/en_US.UTF8 failed. Support is probably not installed on your system","level":3,"time":1374175769}
{"app":"core","message":"setting locale to en_US.UTF-8\/en_US.UTF8 failed. Support is probably not installed on your system","level":3,"time":1374175769}
{"app":"search_lucene","message":"failed to extract meta information for \/mae\/files\/nube\/prueba.txt: unable to determine file format","level":2,"time":1374175769}
{"app":"core","message":"setting locale to en_US.UTF-8\/en_US.UTF8 failed. Support is probably not installed on your system","level":3,"time":1374175769}
{"app":"core","message":"setting locale to en_US.UTF-8\/en_US.UTF8 failed. Support is probably not installed on your system","level":3,"time":1374175769}
{"app":"core","message":"setting locale to en_US.UTF-8\/en_US.UTF8 failed. Support is probably not installed on your system","level":3,"time":1374197721}
{"app":"core","message":"setting locale to en_US.UTF-8\/en_US.UTF8 failed. Support is probably not installed on your system","level":3,"time":1374197721}
{"app":"core","message":"setting locale to en_US.UTF-8\/en_US.UTF8 failed. Support is probably not installed on your system","level":3,"time":1374197721}
{"app":"core","message":"setting locale to en_US.UTF-8\/en_US.UTF8 failed. Support is probably not installed on your system","level":3,"time":1374197721}
{"app":"core","message":"setting locale to en_US.UTF-8\/en_US.UTF8 failed. Support is probably not installed on your system","level":3,"time":1374197721}
{"app":"core","message":"setting locale to en_US.UTF-8\/en_US.UTF8 failed. Support is probably not installed on your system","level":3,"time":1374197721}
{"app":"core","message":"setting locale to en_US.UTF-8\/en_US.UTF8 failed. Support is probably not installed on your system","level":3,"time":1374197727}
{"app":"core","message":"setting locale to en_US.UTF-8\/en_US.UTF8 failed. Support is probably not installed on your system","level":3,"time":1374197728}
{"app":"core","message":"setting locale to en_US.UTF-8\/en_US.UTF8 failed. Support is probably not installed on your system","level":3,"time":1374197728}
{"app":"core","message":"setting locale to en_US.UTF-8\/en_US.UTF8 failed. Support is probably not installed on your system","level":3,"time":1374197728}
{"app":"core","message":"setting locale to en_US.UTF-8\/en_US.UTF8 failed. Support is probably not installed on your system","level":3,"time":1374197728}
{"app":"core","message":"setting locale to en_US.UTF-8\/en_US.UTF8 failed. Support is probably not installed on your system","level":3,"time":1374197728}
{"app":"core","message":"setting locale to en_US.UTF-8\/en_US.UTF8 failed. Support is probably not installed on your system","level":3,"time":1374197728}
{"app":"core","message":"setting locale to en_US.UTF-8\/en_US.UTF8 failed. Support is probably not installed on your system","level":3,"time":1374197728}
{"app":"core","message":"setting locale to en_US.UTF-8\/en_US.UTF8 failed. Support is probably not installed on your system","level":3,"time":1374197729}
{"app":"core","message":"setting locale to en_US.UTF-8\/en_US.UTF8 failed. Support is probably not installed on your system","level":3,"time":1374197729}
{"app":"core","message":"setting locale to en_US.UTF-8\/en_US.UTF8 failed. Support is probably not installed on your system","level":3,"time":1374197729}
{"app":"core","message":"setting locale to en_US.UTF-8\/en_US.UTF8 failed. Support is probably not installed on your system","level":3,"time":1374198537}
{"app":"core","message":"setting locale to en_US.UTF-8\/en_US.UTF8 failed. Support is probably not installed on your system","level":3,"time":1374198537}
{"app":"core","message":"setting locale to en_US.UTF-8\/en_US.UTF8 failed. Support is probably not installed on your system","level":3,"time":1374198537}
{"app":"core","message":"setting locale to en_US.UTF-8\/en_US.UTF8 failed. Support is probably not installed on your system","level":3,"time":1374198537}
{"app":"core","message":"setting locale to en_US.UTF-8\/en_US.UTF8 failed. Support is probably not installed on your system","level":3,"time":1374198537}
{"app":"core","message":"setting locale to en_US.UTF-8\/en_US.UTF8 failed. Support is probably not installed on your system","level":3,"time":1374198537}
{"app":"core","message":"setting locale to en_US.UTF-8\/en_US.UTF8 failed. Support is probably not installed on your system","level":3,"time":1374198538}
{"app":"core","message":"setting locale to en_US.UTF-8\/en_US.UTF8 failed. Support is probably not installed on your system","level":3,"time":1374198538}
{"app":"core","message":"setting locale to en_US.UTF-8\/en_US.UTF8 failed. Support is probably not installed on your system","level":3,"time":1374198538}
{"app":"core","message":"setting locale to en_US.UTF-8\/en_US.UTF8 failed. Support is probably not installed on your system","level":3,"time":1374198539}
{"app":"core","message":"setting locale to en_US.UTF-8\/en_US.UTF8 failed. Support is probably not installed on your system","level":3,"time":1374198539}
{"app":"core","message":"setting locale to en_US.UTF-8\/en_US.UTF8 failed. Support is probably not installed on your system","level":3,"time":1374198540}
{"app":"core","message":"setting locale to en_US.UTF-8\/en_US.UTF8 failed. Support is probably not installed on your system","level":3,"time":1374198540}
{"app":"core","message":"setting locale to en_US.UTF-8\/en_US.UTF8 failed. Support is probably not installed on your system","level":3,"time":1374198540}
{"app":"core","message":"setting locale to en_US.UTF-8\/en_US.UTF8 failed. Support is probably not installed on your system","level":3,"time":1374198540}
{"app":"core","message":"setting locale to en_US.UTF-8\/en_US.UTF8 failed. Support is probably not installed on your system","level":3,"time":1374198540}
{"app":"core","message":"setting locale to en_US.UTF-8\/en_US.UTF8 failed. Support is probably not installed on your system","level":3,"time":1374198540}
{"app":"core","message":"setting locale to en_US.UTF-8\/en_US.UTF8 failed. Support is probably not installed on your system","level":3,"time":1374198540}
{"app":"core","message":"setting locale to en_US.UTF-8\/en_US.UTF8 failed. Support is probably not installed on your system","level":3,"time":1374198540}
{"app":"core","message":"setting locale to en_US.UTF-8\/en_US.UTF8 failed. Support is probably not installed on your system","level":3,"time":1374198540}
{"app":"core","message":"setting locale to en_US.UTF-8\/en_US.UTF8 failed. Support is probably not installed on your system","level":3,"time":1374200458}
{"app":"core","message":"setting locale to en_US.UTF-8\/en_US.UTF8 failed. Support is probably not installed on your system","level":3,"time":1374200458}
{"app":"core","message":"setting locale to en_US.UTF-8\/en_US.UTF8 failed. Support is probably not installed on your system","level":3,"time":1374200458}
{"app":"core","message":"setting locale to en_US.UTF-8\/en_US.UTF8 failed. Support is probably not installed on your system","level":3,"time":1374200458}
{"app":"core","message":"setting locale to en_US.UTF-8\/en_US.UTF8 failed. Support is probably not installed on your system","level":3,"time":1374200460}
{"app":"core","message":"setting locale to en_US.UTF-8\/en_US.UTF8 failed. Support is probably not installed on your system","level":3,"time":1374200460}
{"app":"core","message":"setting locale to en_US.UTF-8\/en_US.UTF8 failed. Support is probably not installed on your system","level":3,"time":1374200859}
{"app":"core","message":"setting locale to en_US.UTF-8\/en_US.UTF8 failed. Support is probably not installed on your system","level":3,"time":1374200859}
{"app":"core","message":"setting locale to en_US.UTF-8\/en_US.UTF8 failed. Support is probably not installed on your system","level":3,"time":1374200860}
{"app":"core","message":"setting locale to en_US.UTF-8\/en_US.UTF8 failed. Support is probably not installed on your system","level":3,"time":1374200860}
{"app":"core","message":"setting locale to en_US.UTF-8\/en_US.UTF8 failed. Support is probably not installed on your system","level":3,"time":1374200860}
{"app":"core","message":"setting locale to en_US.UTF-8\/en_US.UTF8 failed. Support is probably not installed on your system","level":3,"time":1374200860}
{"app":"core","message":"setting locale to en_US.UTF-8\/en_US.UTF8 failed. Support is probably not installed on your system","level":3,"time":1374200864}
{"app":"core","message":"setting locale to en_US.UTF-8\/en_US.UTF8 failed. Support is probably not installed on your system","level":3,"time":1374200864}
{"app":"core","message":"setting locale to en_US.UTF-8\/en_US.UTF8 failed. Support is probably not installed on your system","level":3,"time":1374200864}
{"app":"core","message":"setting locale to en_US.UTF-8\/en_US.UTF8 failed. Support is probably not installed on your system","level":3,"time":1374200864}
{"app":"core","message":"setting locale to en_US.UTF-8\/en_US.UTF8 failed. Support is probably not installed on your system","level":3,"time":1374200864}
{"app":"core","message":"setting locale to en_US.UTF-8\/en_US.UTF8 failed. Support is probably not installed on your system","level":3,"time":1374200864}
{"app":"core","message":"setting locale to en_US.UTF-8\/en_US.UTF8 failed. Support is probably not installed on your system","level":3,"time":1374200865}
{"app":"core","message":"setting locale to en_US.UTF-8\/en_US.UTF8 failed. Support is probably not installed on your system","level":3,"time":1374200865}
{"app":"core","message":"setting locale to en_US.UTF-8\/en_US.UTF8 failed. Support is probably not installed on your system","level":3,"time":1374200865}
{"app":"core","message":"setting locale to en_US.UTF-8\/en_US.UTF8 failed. Support is probably not installed on your system","level":3,"time":1374200865}
{"app":"core","message":"setting locale to en_US.UTF-8\/en_US.UTF8 failed. Support is probably not installed on your system","level":3,"time":1374200865}
{"app":"core","message":"setting locale to en_US.UTF-8\/en_US.UTF8 failed. Support is probably not installed on your system","level":3,"time":1374200949}
{"app":"core","message":"setting locale to en_US.UTF-8\/en_US.UTF8 failed. Support is probably not installed on your system","level":3,"time":1374200949}
{"app":"core","message":"setting locale to en_US.UTF-8\/en_US.UTF8 failed. Support is probably not installed on your system","level":3,"time":1374200949}
{"app":"core","message":"setting locale to en_US.UTF-8\/en_US.UTF8 failed. Support is probably not installed on your system","level":3,"time":1374200949}
{"app":"core","message":"setting locale to en_US.UTF-8\/en_US.UTF8 failed. Support is probably not installed on your system","level":3,"time":1374200949}
{"app":"core","message":"setting locale to en_US.UTF-8\/en_US.UTF8 failed. Support is probably not installed on your system","level":3,"time":1374200950}
{"app":"core","message":"setting locale to en_US.UTF-8\/en_US.UTF8 failed. Support is probably not installed on your system","level":3,"time":1374200957}
{"app":"core","message":"setting locale to en_US.UTF-8\/en_US.UTF8 failed. Support is probably not installed on your system","level":3,"time":1374200957}
{"app":"core","message":"setting locale to en_US.UTF-8\/en_US.UTF8 failed. Support is probably not installed on your system","level":3,"time":1374200957}
{"app":"core","message":"setting locale to en_US.UTF-8\/en_US.UTF8 failed. Support is probably not installed on your system","level":3,"time":1374200957}
{"app":"core","message":"setting locale to en_US.UTF-8\/en_US.UTF8 failed. Support is probably not installed on your system","level":3,"time":1374200957}
{"app":"core","message":"setting locale to en_US.UTF-8\/en_US.UTF8 failed. Support is probably not installed on your system","level":3,"time":1374200957}
{"app":"core","message":"setting locale to en_US.UTF-8\/en_US.UTF8 failed. Support is probably not installed on your system","level":3,"time":1374200957}
{"app":"core","message":"setting locale to en_US.UTF-8\/en_US.UTF8 failed. Support is probably not installed on your system","level":3,"time":1374200958}
{"app":"core","message":"setting locale to en_US.UTF-8\/en_US.UTF8 failed. Support is probably not installed on your system","level":3,"time":1374200958}
{"app":"core","message":"setting locale to en_US.UTF-8\/en_US.UTF8 failed. Support is probably not installed on your system","level":3,"time":1374200958}
{"app":"core","message":"setting locale to en_US.UTF-8\/en_US.UTF8 failed. Support is probably not installed on your system","level":3,"time":1374200958}
